<?xml version="1.0" encoding="UTF-8"?>
<testsuite name="com.trello.BoardTests" tests="3" skipped="0" failures="0" errors="0" timestamp="2020-04-27T18:25:47" hostname="Eugenes-PC.local" time="1.214">
  <properties/>
  <testcase name="canGetABoard()" classname="com.trello.BoardTests" time="1.211"/>
  <testcase name="canDeleteBoard()" classname="com.trello.BoardTests" time="0.001"/>
  <testcase name="canUpdateBoard()" classname="com.trello.BoardTests" time="0.001"/>
  <system-out><![CDATA[Request method:	GET
Request URI:	https://api.trello.com/1/boards/5e9442e86a23fc6a3e6361e3?key=690dbb2f4fd5ff9e66a824689b42e2a5&token=afd71f113951a43914c17c104c75eacc21fa1428e17ac3c5cd6c5de1b9645b6d
Proxy:			<none>
Request params:	key=690dbb2f4fd5ff9e66a824689b42e2a5
				token=afd71f113951a43914c17c104c75eacc21fa1428e17ac3c5cd6c5de1b9645b6d
Query params:	<none>
Form params:	<none>
Path params:	<none>
Headers:		Accept=*/*
				Content-Type=application/json; charset=UTF-8
Cookies:		<none>
Multiparts:		<none>
Body:			<none>
HTTP/1.1 200 OK
X-DNS-Prefetch-Control: off
X-Frame-Options: DENY
Strict-Transport-Security: max-age=15552000; includeSubDomains
X-Download-Options: noopen
Surrogate-Control: no-store
X-Content-Type-Options: nosniff
Referrer-Policy: strict-origin-when-cross-origin
X-XSS-Protection: 1; mode=block
X-Trello-Version: 1.2069.0
X-Trello-Environment: Production
Access-Control-Allow-Origin: *
Access-Control-Allow-Methods: GET, PUT, POST, DELETE
Access-Control-Allow-Headers: Authorization, Accept, Content-Type
Access-Control-Expose-Headers: x-rate-limit-api-key-interval-ms, x-rate-limit-api-key-max, x-rate-limit-api-key-remaining, x-rate-limit-api-token-interval-ms, x-rate-limit-api-token-max, x-rate-limit-api-token-remaining
X-RATE-LIMIT-API-KEY-INTERVAL-MS: 10000
X-RATE-LIMIT-API-KEY-MAX: 300
X-RATE-LIMIT-API-KEY-REMAINING: 299
X-RATE-LIMIT-API-TOKEN-INTERVAL-MS: 10000
X-RATE-LIMIT-API-TOKEN-MAX: 100
X-RATE-LIMIT-API-TOKEN-REMAINING: 99
X-RATE-LIMIT-MEMBER-INTERVAL-MS: 10000
X-RATE-LIMIT-MEMBER-MAX: 200
X-RATE-LIMIT-MEMBER-REMAINING: 199
X-Server-Time: 1588011947717
Content-Type: application/json; charset=utf-8
Content-Encoding: gzip
Expires: Mon, 27 Apr 2020 18:25:47 GMT
Cache-Control: max-age=0, no-cache, no-store
Pragma: no-cache
Date: Mon, 27 Apr 2020 18:25:47 GMT
Content-Length: 802
Connection: keep-alive
Vary: Accept-Encoding
Set-Cookie: dsc=a87a1b1a86ad0932eb68fb72cb0110e1799ec5375e6d62e79dea7dd20a5f520b; Path=/; Expires=Thu, 30 Apr 2020 18:25:47 GMT; Secure

{
    "id": "5e9442e86a23fc6a3e6361e3",
    "name": "Vacation Planning",
    "desc": "Hi, new description",
    "descData": {
        "emoji": {
            
        }
    },
    "closed": false,
    "idOrganization": null,
    "idEnterprise": null,
    "pinned": false,
    "url": "https://trello.com/b/lA48n1QL/vacation-planning",
    "shortUrl": "https://trello.com/b/lA48n1QL",
    "prefs": {
        "permissionLevel": "private",
        "hideVotes": false,
        "voting": "disabled",
        "comments": "members",
        "invitations": "members",
        "selfJoin": true,
        "cardCovers": true,
        "isTemplate": false,
        "cardAging": "regular",
        "calendarFeedEnabled": false,
        "background": "5e8cb226ade8ed0c981ddf50",
        "backgroundImage": "https://trello-backgrounds.s3.amazonaws.com/SharedBackground/original/71d66e08956d7ea97b47ff40dd0a2962/photo-1586196576723-c99a4a5fa613",
        "backgroundImageScaled": [
            {
                "width": 67,
                "height": 100,
                "url": "https://trello-backgrounds.s3.amazonaws.com/SharedBackground/67x100/a46e96cab146e98fed7842e572724377/photo-1586196576723-c99a4a5fa613.jpg"
            },
            {
                "width": 128,
                "height": 192,
                "url": "https://trello-backgrounds.s3.amazonaws.com/SharedBackground/128x192/a46e96cab146e98fed7842e572724377/photo-1586196576723-c99a4a5fa613.jpg"
            },
            {
                "width": 320,
                "height": 480,
                "url": "https://trello-backgrounds.s3.amazonaws.com/SharedBackground/320x480/a46e96cab146e98fed7842e572724377/photo-1586196576723-c99a4a5fa613.jpg"
            },
            {
                "width": 640,
                "height": 960,
                "url": "https://trello-backgrounds.s3.amazonaws.com/SharedBackground/640x960/a46e96cab146e98fed7842e572724377/photo-1586196576723-c99a4a5fa613.jpg"
            },
            {
                "width": 683,
                "height": 1024,
                "url": "https://trello-backgrounds.s3.amazonaws.com/SharedBackground/683x1024/a46e96cab146e98fed7842e572724377/photo-1586196576723-c99a4a5fa613.jpg"
            },
            {
                "width": 853,
                "height": 1280,
                "url": "https://trello-backgrounds.s3.amazonaws.com/SharedBackground/853x1280/a46e96cab146e98fed7842e572724377/photo-1586196576723-c99a4a5fa613.jpg"
            },
            {
                "width": 1280,
                "height": 1920,
                "url": "https://trello-backgrounds.s3.amazonaws.com/SharedBackground/1280x1920/a46e96cab146e98fed7842e572724377/photo-1586196576723-c99a4a5fa613.jpg"
            },
            {
                "width": 1066,
                "height": 1600,
                "url": "https://trello-backgrounds.s3.amazonaws.com/SharedBackground/1066x1600/a46e96cab146e98fed7842e572724377/photo-1586196576723-c99a4a5fa613.jpg"
            },
            {
                "width": 1365,
                "height": 2048,
                "url": "https://trello-backgrounds.s3.amazonaws.com/SharedBackground/original/71d66e08956d7ea97b47ff40dd0a2962/photo-1586196576723-c99a4a5fa613"
            }
        ],
        "backgroundTile": false,
        "backgroundBrightness": "light",
        "backgroundBottomColor": "#7ea0a7",
        "backgroundTopColor": "#cfd8da",
        "canBePublic": true,
        "canBeEnterprise": true,
        "canBeOrg": true,
        "canBePrivate": true,
        "canInvite": true
    },
    "labelNames": {
        "green": "",
        "yellow": "",
        "orange": "",
        "red": "",
        "purple": "",
        "blue": "",
        "sky": "",
        "lime": "",
        "pink": "",
        "black": ""
    }
}
]]></system-out>
  <system-err><![CDATA[]]></system-err>
</testsuite>
